2023-06-22T11:21:22+00:00 CRITICAL Uncaught Error: Class 'Custom_Walker_Nav_Menu' not found in C:\OSPanel\domains\kokomerennew\wp-content\themes\Kokomeren\header.php:51
Stack trace:
#0 C:\OSPanel\domains\kokomerennew\wp-includes\template.php(783): require_once()
#1 C:\OSPanel\domains\kokomerennew\wp-includes\template.php(718): load_template()
#2 C:\OSPanel\domains\kokomerennew\wp-includes\general-template.php(48): locate_template()
#3 C:\OSPanel\domains\kokomerennew\wp-content\themes\Kokomeren\index.php(1): get_header()
#4 C:\OSPanel\domains\kokomerennew\wp-includes\template-loader.php(106): include('C:\\OSPanel\\doma...')
#5 C:\OSPanel\domains\kokomerennew\wp-blog-header.php(19): require_once('C:\\OSPanel\\doma...')
#6 C:\OSPanel\domains\kokomerennew\index.php(17): require('C:\\OSPanel\\doma...')
#7 {main}
  thrown в C:\OSPanel\domains\kokomerennew\wp-content\themes\Kokomeren\header.php на строке 51

2023-06-22T11:21:23+00:00 CRITICAL Uncaught Error: Class 'Custom_Walker_Nav_Menu' not found in C:\OSPanel\domains\kokomerennew\wp-content\themes\Kokomeren\header.php:51
Stack trace:
#0 C:\OSPanel\domains\kokomerennew\wp-includes\template.php(783): require_once()
#1 C:\OSPanel\domains\kokomerennew\wp-includes\template.php(718): load_template()
#2 C:\OSPanel\domains\kokomerennew\wp-includes\general-template.php(48): locate_template()
#3 C:\OSPanel\domains\kokomerennew\wp-content\themes\Kokomeren\index.php(1): get_header()
#4 C:\OSPanel\domains\kokomerennew\wp-includes\template-loader.php(106): include('C:\\OSPanel\\doma...')
#5 C:\OSPanel\domains\kokomerennew\wp-blog-header.php(19): require_once('C:\\OSPanel\\doma...')
#6 C:\OSPanel\domains\kokomerennew\index.php(17): require('C:\\OSPanel\\doma...')
#7 {main}
  thrown в C:\OSPanel\domains\kokomerennew\wp-content\themes\Kokomeren\header.php на строке 51

2023-06-22T11:21:35+00:00 CRITICAL Uncaught Error: Class 'Custom_Walker_Nav_Menu' not found in C:\OSPanel\domains\kokomerennew\wp-content\themes\Kokomeren\header.php:51
Stack trace:
#0 C:\OSPanel\domains\kokomerennew\wp-includes\template.php(783): require_once()
#1 C:\OSPanel\domains\kokomerennew\wp-includes\template.php(718): load_template()
#2 C:\OSPanel\domains\kokomerennew\wp-includes\general-template.php(48): locate_template()
#3 C:\OSPanel\domains\kokomerennew\wp-content\themes\Kokomeren\index.php(1): get_header()
#4 C:\OSPanel\domains\kokomerennew\wp-includes\template-loader.php(106): include('C:\\OSPanel\\doma...')
#5 C:\OSPanel\domains\kokomerennew\wp-blog-header.php(19): require_once('C:\\OSPanel\\doma...')
#6 C:\OSPanel\domains\kokomerennew\index.php(17): require('C:\\OSPanel\\doma...')
#7 {main}
  thrown в C:\OSPanel\domains\kokomerennew\wp-content\themes\Kokomeren\header.php на строке 51

2023-06-22T11:21:36+00:00 CRITICAL Uncaught Error: Class 'Custom_Walker_Nav_Menu' not found in C:\OSPanel\domains\kokomerennew\wp-content\themes\Kokomeren\header.php:51
Stack trace:
#0 C:\OSPanel\domains\kokomerennew\wp-includes\template.php(783): require_once()
#1 C:\OSPanel\domains\kokomerennew\wp-includes\template.php(718): load_template()
#2 C:\OSPanel\domains\kokomerennew\wp-includes\general-template.php(48): locate_template()
#3 C:\OSPanel\domains\kokomerennew\wp-content\themes\Kokomeren\index.php(1): get_header()
#4 C:\OSPanel\domains\kokomerennew\wp-includes\template-loader.php(106): include('C:\\OSPanel\\doma...')
#5 C:\OSPanel\domains\kokomerennew\wp-blog-header.php(19): require_once('C:\\OSPanel\\doma...')
#6 C:\OSPanel\domains\kokomerennew\index.php(17): require('C:\\OSPanel\\doma...')
#7 {main}
  thrown в C:\OSPanel\domains\kokomerennew\wp-content\themes\Kokomeren\header.php на строке 51

